[2025-03-13 06:20:23] [INFO] ===== SomeWM Log Session Started =====
[2025-03-13 06:20:23] [INFO] SomeWM starting up
[2025-03-13 06:22:24] [INFO] 'g' key pressed, running direct LGI test
[2025-03-13 06:22:24] [INFO] == Widget Test Function Called ==
[2025-03-13 06:22:24] [INFO] Creating test notification with text: 'Direct LGI Test'
[2025-03-13 06:22:24] [DEBUG] Testing LGI drawing capability
[2025-03-13 06:22:24] [DEBUG] Created test surface and context
[2025-03-13 06:22:24] [INFO] LGI drawing test completed successfully
[2025-03-13 06:22:24] [DEBUG] Now trying Wayland surface method
[2025-03-13 06:22:24] [INFO] Creating wayland surface: 300x100 at 100,100
[2025-03-13 06:22:24] [DEBUG] Executing system notification command: notify-send 'SomeWM' 'Direct LGI Test'
[2025-03-13 06:22:24] [ERROR] Failed to execute notify-send command
[2025-03-13 06:22:24] [INFO] Attempting to display message: Direct LGI Test
[2025-03-13 06:22:24] [DEBUG] Executing wmenu command: echo 'Direct LGI Test' | wmenu -p 'SomeWM:'
[2025-03-13 06:22:24] [INFO] wmenu message displayed successfully
[2025-03-13 06:22:24] [INFO] Wayland surface created successfully
[2025-03-13 06:22:24] [INFO] == Widget Test Function Completed ==
[2025-03-13 06:22:24] [INFO] LGI test completed successfully
[2025-03-13 06:22:41] [INFO] 'w' key pressed, creating notification widget
[2025-03-13 06:22:41] [INFO] Creating notification with text: 'Hello from SomeWM!'
[2025-03-13 06:22:41] [DEBUG] Added widget to active_widgets, count: 1
[2025-03-13 06:22:41] [INFO] Showing widget at position 50,50 with size 300x100
[2025-03-13 06:22:41] [DEBUG] Attempting to create Wayland surface directly
[2025-03-13 06:22:41] [INFO] Creating wayland surface: 300x100 at 50,50
[2025-03-13 06:22:41] [DEBUG] Executing system notification command: notify-send 'SomeWM' 'Hello from SomeWM!'
[2025-03-13 06:22:41] [ERROR] Failed to execute notify-send command
[2025-03-13 06:22:41] [INFO] Attempting to display message: Hello from SomeWM!
[2025-03-13 06:22:41] [DEBUG] Executing wmenu command: echo 'Hello from SomeWM!' | wmenu -p 'SomeWM:'
[2025-03-13 06:22:41] [INFO] wmenu message displayed successfully
[2025-03-13 06:22:41] [INFO] Widget displayed using Wayland surface
[2025-03-13 06:22:41] [INFO] Widget will be visible for 5 seconds
[2025-03-13 06:22:41] [DEBUG] (In a real implementation, the widget would be hidden after 5 seconds)
[2025-03-13 06:22:41] [INFO] Widget creation successful
[2025-03-13 08:22:45] [INFO] ===== SomeWM Log Session Started =====
[2025-03-13 08:22:45] [INFO] SomeWM starting up
[2025-03-13 17:20:18] [INFO] ===== SomeWM Log Session Started =====
[2025-03-13 17:20:18] [INFO] SomeWM starting up
[2025-03-13 18:45:38] [INFO] ===== SomeWM Log Session Started =====
[2025-03-13 18:45:38] [INFO] SomeWM starting up
[2025-03-13 19:28:41] [INFO] ===== SomeWM Log Session Started =====
[2025-03-13 19:28:41] [INFO] SomeWM starting up
[2025-03-13 19:28:44] [INFO] 'g' key pressed, running direct LGI test
[2025-03-13 19:28:44] [INFO] == Widget Test Function Called ==
[2025-03-13 19:28:44] [INFO] Creating test notification with text: 'Direct LGI Test'
[2025-03-13 19:28:44] [DEBUG] Testing direct widget creation
[2025-03-13 19:28:44] [INFO] Creating notification with text: 'Direct LGI Test'
[2025-03-13 19:28:44] [DEBUG] Calling Some.create_widget function
[2025-03-13 19:28:44] [ERROR] Failed to run LGI test: ./lua/widgets.lua:85: attempt to call a nil value (field 'create_widget')
[2025-03-13 19:28:46] [INFO] 'w' key pressed, creating notification widget
[2025-03-13 19:28:46] [INFO] Creating notification with text: 'Hello from SomeWM!'
[2025-03-13 19:28:46] [DEBUG] Calling Some.create_widget function
[2025-03-13 19:28:46] [ERROR] Failed to create widget: ./lua/widgets.lua:85: attempt to call a nil value (field 'create_widget')
[2025-03-13 19:33:55] [INFO] ===== SomeWM Log Session Started =====
[2025-03-13 19:33:55] [INFO] SomeWM starting up
[2025-03-13 19:34:06] [INFO] 'g' key pressed, running direct LGI test
[2025-03-13 19:34:06] [INFO] == Widget Test Function Called ==
[2025-03-13 19:34:06] [INFO] Creating test notification with text: 'Direct LGI Test'
[2025-03-13 19:34:06] [DEBUG] Testing LGI drawing capability
[2025-03-13 19:34:06] [DEBUG] Created test surface and context
[2025-03-13 19:34:06] [INFO] LGI drawing test completed successfully
[2025-03-13 19:34:06] [DEBUG] Now trying Wayland surface method
[2025-03-13 19:34:06] [INFO] Creating wayland surface: 300x100 at 100,100
[2025-03-13 19:34:06] [DEBUG] Executing system notification command: notify-send 'SomeWM' 'Direct LGI Test'
[2025-03-13 19:34:06] [ERROR] Failed to execute notify-send command
[2025-03-13 19:34:06] [INFO] Attempting to display message: Direct LGI Test
[2025-03-13 19:34:06] [DEBUG] Executing wmenu command: echo 'Direct LGI Test' | wmenu -p 'SomeWM:'
[2025-03-13 19:34:06] [INFO] wmenu message displayed successfully
[2025-03-13 19:34:06] [INFO] Wayland surface created successfully
[2025-03-13 19:34:06] [INFO] == Widget Test Function Completed ==
[2025-03-13 19:34:06] [INFO] LGI test completed successfully
[2025-03-13 19:34:07] [INFO] 'w' key pressed, creating notification widget
[2025-03-13 19:34:07] [INFO] Creating notification with text: 'Hello from SomeWM!'
[2025-03-13 19:34:07] [DEBUG] Calling Some.create_widget function
[2025-03-13 19:34:07] [DEBUG] Added widget to active_widgets, count: 1
[2025-03-13 19:34:07] [DEBUG] Widget created successfully, drawing content...
[2025-03-13 19:34:07] [DEBUG] Attempting to create Wayland surface directly
[2025-03-13 19:34:07] [INFO] Creating wayland surface: 300x100 at 50,50
[2025-03-13 19:34:07] [DEBUG] Executing system notification command: notify-send 'SomeWM' 'Hello from SomeWM!'
[2025-03-13 19:34:07] [ERROR] Failed to execute notify-send command
[2025-03-13 19:34:07] [INFO] Attempting to display message: Hello from SomeWM!
[2025-03-13 19:34:07] [DEBUG] Executing wmenu command: echo 'Hello from SomeWM!' | wmenu -p 'SomeWM:'
[2025-03-13 19:34:07] [INFO] wmenu message displayed successfully
[2025-03-13 19:34:07] [INFO] Widget displayed using Wayland surface
[2025-03-13 19:34:07] [INFO] Widget will be visible for 5 seconds
[2025-03-13 19:34:07] [DEBUG] (In a real implementation, the widget would be hidden after 5 seconds)
[2025-03-13 19:34:07] [INFO] Widget creation successful
